<?xml version="1.0" encoding="UTF-8"?>
<!-- Generated by org.testng.reporters.JUnitReportReporter -->
<testsuite hostname="DESKTOP-QNHJ5Q7" name="loginFeature.AmazonLocator" tests="1" failures="0" timestamp="29 Nov 2022 06:37:28 GMT" time="20.517" errors="0">
  <testcase name="locator" time="20.517" classname="loginFeature.AmazonLocator"/>
</testsuite> <!-- loginFeature.AmazonLocator -->
