<?xml version="1.0" encoding="UTF-8"?>
<!-- Generated by org.testng.reporters.JUnitReportReporter -->
<testsuite hostname="DESKTOP-QNHJ5Q7" name="loginFeature.LoginTestng" tests="1" failures="0" timestamp="28 Nov 2022 08:07:15 GMT" time="9.568" errors="0">
  <testcase name="testing" time="9.568" classname="loginFeature.LoginTestng"/>
</testsuite> <!-- loginFeature.LoginTestng -->
