<?xml version="1.0" encoding="UTF-8"?>
<!-- Generated by org.testng.reporters.JUnitReportReporter -->
<testsuite hostname="DESKTOP-QNHJ5Q7" name="loginFeature.LocatorExercise" tests="1" failures="0" timestamp="29 Nov 2022 06:51:17 GMT" time="23.687" errors="0">
  <testcase name="Locator" time="23.687" classname="loginFeature.LocatorExercise"/>
</testsuite> <!-- loginFeature.LocatorExercise -->
