<?xml version="1.0" encoding="UTF-8"?>
<!-- Generated by org.testng.reporters.JUnitReportReporter -->
<testsuite hostname="DESKTOP-QNHJ5Q7" name="loginFeature.LocatorTest" tests="1" failures="0" timestamp="29 Nov 2022 07:32:10 GMT" time="44.976" errors="0">
  <testcase name="locatorTest" time="44.976" classname="loginFeature.LocatorTest"/>
</testsuite> <!-- loginFeature.LocatorTest -->
